app/build/intermediates/manifest_merge_blame_file/debug/processDebugMainManifest/manifest-merger-blame-debug-report.txt
1<?xml version="1.0" encoding="utf-8"?>
2<manifest xmlns:android="http://schemas.android.com/apk/res/android"
3    package="com.salmantoha.neolauncher"
4    android:versionCode="1"
5    android:versionName="1.0.0" >
6
7    <uses-sdk
8        android:minSdkVersion="26"
9        android:targetSdkVersion="34" />
10
11    <!-- Permissions for Launcher & Neo-Brutalist Control Center -->
12    <uses-permission android:name="android.permission.QUERY_ALL_PACKAGES" />
12-->src\main\AndroidManifest.xml:6:5-7:53
12-->src\main\AndroidManifest.xml:6:22-74
13    <uses-permission android:name="android.permission.REQUEST_DELETE_PACKAGES" />
13-->src\main\AndroidManifest.xml:8:5-82
13-->src\main\AndroidManifest.xml:8:22-79
14    <uses-permission android:name="android.permission.EXPAND_STATUS_BAR" />
14-->src\main\AndroidManifest.xml:9:5-76
14-->src\main\AndroidManifest.xml:9:22-73
15    <uses-permission android:name="android.permission.VIBRATE" />
15-->src\main\AndroidManifest.xml:10:5-66
15-->src\main\AndroidManifest.xml:10:22-63
16    <uses-permission android:name="android.permission.SET_WALLPAPER" />
16-->src\main\AndroidManifest.xml:11:5-72
16-->src\main\AndroidManifest.xml:11:22-69
17    <uses-permission android:name="android.permission.CAMERA" />
17-->src\main\AndroidManifest.xml:12:5-65
17-->src\main\AndroidManifest.xml:12:22-62
18    <uses-permission android:name="android.permission.FLASHLIGHT" />
18-->src\main\AndroidManifest.xml:13:5-69
18-->src\main\AndroidManifest.xml:13:22-66
19    <uses-permission android:name="android.permission.ACCESS_WIFI_STATE" />
19-->src\main\AndroidManifest.xml:14:5-76
19-->src\main\AndroidManifest.xml:14:22-73
20    <uses-permission android:name="android.permission.CHANGE_WIFI_STATE" />
20-->src\main\AndroidManifest.xml:15:5-76
20-->src\main\AndroidManifest.xml:15:22-73
21    <uses-permission android:name="android.permission.BLUETOOTH" />
21-->src\main\AndroidManifest.xml:16:5-68
21-->src\main\AndroidManifest.xml:16:22-65
22    <uses-permission android:name="android.permission.BLUETOOTH_ADMIN" />
22-->src\main\AndroidManifest.xml:17:5-74
22-->src\main\AndroidManifest.xml:17:22-71
23    <uses-permission android:name="android.permission.BLUETOOTH_CONNECT" />
23-->src\main\AndroidManifest.xml:18:5-76
23-->src\main\AndroidManifest.xml:18:22-73
24    <uses-permission android:name="android.permission.ACCESS_NETWORK_STATE" />
24-->src\main\AndroidManifest.xml:19:5-79
24-->src\main\AndroidManifest.xml:19:22-76
25    <uses-permission android:name="android.permission.ACCESS_NOTIFICATION_POLICY" />
25-->src\main\AndroidManifest.xml:20:5-85
25-->src\main\AndroidManifest.xml:20:22-82
26    <uses-permission android:name="android.permission.WRITE_SETTINGS" />
26-->src\main\AndroidManifest.xml:21:5-22:47
26-->src\main\AndroidManifest.xml:21:22-70
27
28    <permission
28-->[androidx.core:core:1.13.1] AndroidManifest.xml:22:5-24:47
29        android:name="com.salmantoha.neolauncher.DYNAMIC_RECEIVER_NOT_EXPORTED_PERMISSION"
29-->[androidx.core:core:1.13.1] AndroidManifest.xml:23:9-81
30        android:protectionLevel="signature" />
30-->[androidx.core:core:1.13.1] AndroidManifest.xml:24:9-44
31
32    <uses-permission android:name="com.salmantoha.neolauncher.DYNAMIC_RECEIVER_NOT_EXPORTED_PERMISSION" />
32-->[androidx.core:core:1.13.1] AndroidManifest.xml:26:5-97
32-->[androidx.core:core:1.13.1] AndroidManifest.xml:26:22-94
33
34    <application
34-->src\main\AndroidManifest.xml:24:5-73:19
35        android:name="com.salmantoha.neolauncher.NeoLauncherApp"
35-->src\main\AndroidManifest.xml:25:9-39
36        android:allowBackup="true"
36-->src\main\AndroidManifest.xml:26:9-35
37        android:appComponentFactory="androidx.core.app.CoreComponentFactory"
37-->[androidx.core:core:1.13.1] AndroidManifest.xml:28:18-86
38        android:debuggable="true"
39        android:extractNativeLibs="false"
40        android:icon="@mipmap/ic_launcher"
40-->src\main\AndroidManifest.xml:27:9-43
41        android:label="Neo Launcher"
41-->src\main\AndroidManifest.xml:28:9-37
42        android:roundIcon="@mipmap/ic_launcher_round"
42-->src\main\AndroidManifest.xml:29:9-54
43        android:supportsRtl="true"
43-->src\main\AndroidManifest.xml:30:9-35
44        android:theme="@style/Theme.NeoBrutalLauncher" >
44-->src\main\AndroidManifest.xml:31:9-55
45        <activity
45-->src\main\AndroidManifest.xml:33:9-48:20
46            android:name="com.salmantoha.neolauncher.MainActivity"
46-->src\main\AndroidManifest.xml:34:13-41
47            android:clearTaskOnLaunch="true"
47-->src\main\AndroidManifest.xml:37:13-45
48            android:exported="true"
48-->src\main\AndroidManifest.xml:35:13-36
49            android:launchMode="singleTask"
49-->src\main\AndroidManifest.xml:36:13-44
50            android:stateNotNeeded="true"
50-->src\main\AndroidManifest.xml:38:13-42
51            android:windowSoftInputMode="adjustResize" >
51-->src\main\AndroidManifest.xml:39:13-55
52
53            <!-- Core Launcher Intent Filters -->
54            <intent-filter>
54-->src\main\AndroidManifest.xml:42:13-47:29
55                <action android:name="android.intent.action.MAIN" />
55-->src\main\AndroidManifest.xml:43:17-69
55-->src\main\AndroidManifest.xml:43:25-66
56
57                <category android:name="android.intent.category.HOME" />
57-->src\main\AndroidManifest.xml:44:17-73
57-->src\main\AndroidManifest.xml:44:27-70
58                <category android:name="android.intent.category.DEFAULT" />
58-->src\main\AndroidManifest.xml:45:17-76
58-->src\main\AndroidManifest.xml:45:27-73
59                <category android:name="android.intent.category.LAUNCHER" />
59-->src\main\AndroidManifest.xml:46:17-77
59-->src\main\AndroidManifest.xml:46:27-74
60            </intent-filter>
61        </activity>
62
63        <!-- Receiver to dynamically update app list on install/uninstall -->
64        <receiver
64-->src\main\AndroidManifest.xml:51:9-60:20
65            android:name="com.salmantoha.neolauncher.data.PackageChangeReceiver"
65-->src\main\AndroidManifest.xml:52:13-55
66            android:exported="true" >
66-->src\main\AndroidManifest.xml:53:13-36
67            <intent-filter>
67-->src\main\AndroidManifest.xml:54:13-59:29
68                <action android:name="android.intent.action.PACKAGE_ADDED" />
68-->src\main\AndroidManifest.xml:55:17-78
68-->src\main\AndroidManifest.xml:55:25-75
69                <action android:name="android.intent.action.PACKAGE_REMOVED" />
69-->src\main\AndroidManifest.xml:56:17-80
69-->src\main\AndroidManifest.xml:56:25-77
70                <action android:name="android.intent.action.PACKAGE_REPLACED" />
70-->src\main\AndroidManifest.xml:57:17-81
70-->src\main\AndroidManifest.xml:57:25-78
71
72                <data android:scheme="package" />
72-->src\main\AndroidManifest.xml:58:17-50
72-->src\main\AndroidManifest.xml:58:23-47
73            </intent-filter>
74        </receiver>
75
76        <!-- Neo-Brutalist Notification Interceptor Service -->
77        <service
77-->src\main\AndroidManifest.xml:63:9-71:19
78            android:name="com.salmantoha.neolauncher.controlcenter.NeoNotificationListener"
78-->src\main\AndroidManifest.xml:64:13-66
79            android:exported="true"
79-->src\main\AndroidManifest.xml:67:13-36
80            android:label="Neo Notifications"
80-->src\main\AndroidManifest.xml:65:13-46
81            android:permission="android.permission.BIND_NOTIFICATION_LISTENER_SERVICE" >
81-->src\main\AndroidManifest.xml:66:13-87
82            <intent-filter>
82-->src\main\AndroidManifest.xml:68:13-70:29
83                <action android:name="android.service.notification.NotificationListenerService" />
83-->src\main\AndroidManifest.xml:69:17-99
83-->src\main\AndroidManifest.xml:69:25-96
84            </intent-filter>
85        </service>
86
87        <activity
87-->[androidx.compose.ui:ui-tooling-android:1.6.6] AndroidManifest.xml:23:9-25:39
88            android:name="androidx.compose.ui.tooling.PreviewActivity"
88-->[androidx.compose.ui:ui-tooling-android:1.6.6] AndroidManifest.xml:24:13-71
89            android:exported="true" />
89-->[androidx.compose.ui:ui-tooling-android:1.6.6] AndroidManifest.xml:25:13-36
90        <activity
90-->[androidx.compose.ui:ui-test-manifest:1.6.6] AndroidManifest.xml:23:9-25:39
91            android:name="androidx.activity.ComponentActivity"
91-->[androidx.compose.ui:ui-test-manifest:1.6.6] AndroidManifest.xml:24:13-63
92            android:exported="true" />
92-->[androidx.compose.ui:ui-test-manifest:1.6.6] AndroidManifest.xml:25:13-36
93
94        <provider
94-->[androidx.emoji2:emoji2:1.3.0] AndroidManifest.xml:24:9-32:20
95            android:name="androidx.startup.InitializationProvider"
95-->[androidx.emoji2:emoji2:1.3.0] AndroidManifest.xml:25:13-67
96            android:authorities="com.salmantoha.neolauncher.androidx-startup"
96-->[androidx.emoji2:emoji2:1.3.0] AndroidManifest.xml:26:13-68
97            android:exported="false" >
97-->[androidx.emoji2:emoji2:1.3.0] AndroidManifest.xml:27:13-37
98            <meta-data
98-->[androidx.emoji2:emoji2:1.3.0] AndroidManifest.xml:29:13-31:52
99                android:name="androidx.emoji2.text.EmojiCompatInitializer"
99-->[androidx.emoji2:emoji2:1.3.0] AndroidManifest.xml:30:17-75
100                android:value="androidx.startup" />
100-->[androidx.emoji2:emoji2:1.3.0] AndroidManifest.xml:31:17-49
101            <meta-data
101-->[androidx.lifecycle:lifecycle-process:2.7.0] AndroidManifest.xml:29:13-31:52
102                android:name="androidx.lifecycle.ProcessLifecycleInitializer"
102-->[androidx.lifecycle:lifecycle-process:2.7.0] AndroidManifest.xml:30:17-78
103                android:value="androidx.startup" />
103-->[androidx.lifecycle:lifecycle-process:2.7.0] AndroidManifest.xml:31:17-49
104            <meta-data
104-->[androidx.profileinstaller:profileinstaller:1.3.1] AndroidManifest.xml:29:13-31:52
105                android:name="androidx.profileinstaller.ProfileInstallerInitializer"
105-->[androidx.profileinstaller:profileinstaller:1.3.1] AndroidManifest.xml:30:17-85
106                android:value="androidx.startup" />
106-->[androidx.profileinstaller:profileinstaller:1.3.1] AndroidManifest.xml:31:17-49
107        </provider>
108
109        <receiver
109-->[androidx.profileinstaller:profileinstaller:1.3.1] AndroidManifest.xml:34:9-52:20
110            android:name="androidx.profileinstaller.ProfileInstallReceiver"
110-->[androidx.profileinstaller:profileinstaller:1.3.1] AndroidManifest.xml:35:13-76
111            android:directBootAware="false"
111-->[androidx.profileinstaller:profileinstaller:1.3.1] AndroidManifest.xml:36:13-44
112            android:enabled="true"
112-->[androidx.profileinstaller:profileinstaller:1.3.1] AndroidManifest.xml:37:13-35
113            android:exported="true"
113-->[androidx.profileinstaller:profileinstaller:1.3.1] AndroidManifest.xml:38:13-36
114            android:permission="android.permission.DUMP" >
114-->[androidx.profileinstaller:profileinstaller:1.3.1] AndroidManifest.xml:39:13-57
115            <intent-filter>
115-->[androidx.profileinstaller:profileinstaller:1.3.1] AndroidManifest.xml:40:13-42:29
116                <action android:name="androidx.profileinstaller.action.INSTALL_PROFILE" />
116-->[androidx.profileinstaller:profileinstaller:1.3.1] AndroidManifest.xml:41:17-91
116-->[androidx.profileinstaller:profileinstaller:1.3.1] AndroidManifest.xml:41:25-88
117            </intent-filter>
118            <intent-filter>
118-->[androidx.profileinstaller:profileinstaller:1.3.1] AndroidManifest.xml:43:13-45:29
119                <action android:name="androidx.profileinstaller.action.SKIP_FILE" />
119-->[androidx.profileinstaller:profileinstaller:1.3.1] AndroidManifest.xml:44:17-85
119-->[androidx.profileinstaller:profileinstaller:1.3.1] AndroidManifest.xml:44:25-82
120            </intent-filter>
121            <intent-filter>
121-->[androidx.profileinstaller:profileinstaller:1.3.1] AndroidManifest.xml:46:13-48:29
122                <action android:name="androidx.profileinstaller.action.SAVE_PROFILE" />
122-->[androidx.profileinstaller:profileinstaller:1.3.1] AndroidManifest.xml:47:17-88
122-->[androidx.profileinstaller:profileinstaller:1.3.1] AndroidManifest.xml:47:25-85
123            </intent-filter>
124            <intent-filter>
124-->[androidx.profileinstaller:profileinstaller:1.3.1] AndroidManifest.xml:49:13-51:29
125                <action android:name="androidx.profileinstaller.action.BENCHMARK_OPERATION" />
125-->[androidx.profileinstaller:profileinstaller:1.3.1] AndroidManifest.xml:50:17-95
125-->[androidx.profileinstaller:profileinstaller:1.3.1] AndroidManifest.xml:50:25-92
126            </intent-filter>
127        </receiver>
128    </application>
129
130</manifest>